<?xml version="1.0" encoding="utf-8"?><testsuites name="pytest tests"><testsuite name="pytest" errors="0" failures="0" skipped="0" tests="6" time="4.249" timestamp="2026-06-06T01:33:28.596681+00:00" hostname="agent-env-96f832b8-e165-4b1e-a7c7-7eaa071bcf4e"><testcase classname="tests.test_vision" name="test_verify_object_match_cartoon_avatar" time="1.801" /><testcase classname="tests.test_vision" name="test_verify_object_no_match_water_glass" time="1.494" /><testcase classname="tests.test_vision" name="test_verify_object_empty_image" time="0.150" /><testcase classname="tests.test_vision" name="test_verify_object_missing_target" time="0.301" /><testcase classname="tests.test_vision" name="test_verify_object_empty_target" time="0.190" /><testcase classname="tests.test_vision" name="test_verify_object_malformed_b64" time="0.146" /></testsuite></testsuites>